2021/12/11 09:17:13 [notice] 1#1: using the "epoll" event method
2021/12/11 09:17:13 [notice] 1#1: nginx/1.21.4
2021/12/11 09:17:13 [notice] 1#1: built by gcc 10.2.1 20210110 (Debian 10.2.1-6) 
2021/12/11 09:17:13 [notice] 1#1: OS: Linux 5.10.16.3-microsoft-standard-WSL2
2021/12/11 09:17:13 [notice] 1#1: getrlimit(RLIMIT_NOFILE): 1048576:1048576
2021/12/11 09:17:13 [notice] 1#1: start worker processes
2021/12/11 09:17:13 [notice] 1#1: start worker process 23
2021/12/11 09:17:13 [notice] 1#1: start worker process 24
2021/12/11 09:17:13 [notice] 1#1: start worker process 25
2021/12/11 09:17:13 [notice] 1#1: start worker process 26
2021/12/11 09:21:50 [notice] 1#1: signal 3 (SIGQUIT) received, shutting down
2021/12/11 09:21:50 [notice] 23#23: gracefully shutting down
2021/12/11 09:21:50 [notice] 24#24: gracefully shutting down
2021/12/11 09:21:50 [notice] 26#26: gracefully shutting down
2021/12/11 09:21:50 [notice] 26#26: exiting
2021/12/11 09:21:50 [notice] 25#25: gracefully shutting down
2021/12/11 09:21:50 [notice] 23#23: exiting
2021/12/11 09:21:50 [notice] 24#24: exiting
2021/12/11 09:21:50 [notice] 26#26: exit
2021/12/11 09:21:50 [notice] 25#25: exiting
2021/12/11 09:21:50 [notice] 23#23: exit
2021/12/11 09:21:50 [notice] 24#24: exit
2021/12/11 09:21:50 [notice] 25#25: exit
2021/12/11 09:21:50 [notice] 1#1: signal 17 (SIGCHLD) received from 23
2021/12/11 09:21:50 [notice] 1#1: worker process 23 exited with code 0
2021/12/11 09:21:50 [notice] 1#1: signal 29 (SIGIO) received
2021/12/11 09:21:50 [notice] 1#1: signal 17 (SIGCHLD) received from 24
2021/12/11 09:21:50 [notice] 1#1: worker process 24 exited with code 0
2021/12/11 09:21:50 [notice] 1#1: signal 29 (SIGIO) received
2021/12/11 09:21:50 [notice] 1#1: signal 17 (SIGCHLD) received from 26
2021/12/11 09:21:50 [notice] 1#1: worker process 25 exited with code 0
2021/12/11 09:21:50 [notice] 1#1: worker process 26 exited with code 0
2021/12/11 09:21:50 [notice] 1#1: exit
2021/12/11 09:22:07 [notice] 1#1: using the "epoll" event method
2021/12/11 09:22:07 [notice] 1#1: nginx/1.21.4
2021/12/11 09:22:07 [notice] 1#1: built by gcc 10.2.1 20210110 (Debian 10.2.1-6) 
2021/12/11 09:22:07 [notice] 1#1: OS: Linux 5.10.16.3-microsoft-standard-WSL2
2021/12/11 09:22:07 [notice] 1#1: getrlimit(RLIMIT_NOFILE): 1048576:1048576
2021/12/11 09:22:07 [notice] 1#1: start worker processes
2021/12/11 09:22:07 [notice] 1#1: start worker process 23
2021/12/11 09:22:07 [notice] 1#1: start worker process 24
2021/12/11 09:22:07 [notice] 1#1: start worker process 25
2021/12/11 09:22:07 [notice] 1#1: start worker process 26
2021/12/11 09:24:30 [notice] 1#1: signal 3 (SIGQUIT) received, shutting down
2021/12/11 09:24:30 [notice] 23#23: gracefully shutting down
2021/12/11 09:24:30 [notice] 23#23: exiting
2021/12/11 09:24:30 [notice] 24#24: gracefully shutting down
2021/12/11 09:24:30 [notice] 24#24: exiting
2021/12/11 09:24:30 [notice] 26#26: gracefully shutting down
2021/12/11 09:24:30 [notice] 25#25: gracefully shutting down
2021/12/11 09:24:30 [notice] 23#23: exit
2021/12/11 09:24:30 [notice] 24#24: exit
2021/12/11 09:24:30 [notice] 26#26: exiting
2021/12/11 09:24:30 [notice] 25#25: exiting
2021/12/11 09:24:30 [notice] 26#26: exit
2021/12/11 09:24:30 [notice] 25#25: exit
2021/12/11 09:24:30 [notice] 1#1: signal 17 (SIGCHLD) received from 24
2021/12/11 09:24:30 [notice] 1#1: worker process 24 exited with code 0
2021/12/11 09:24:30 [notice] 1#1: signal 29 (SIGIO) received
2021/12/11 09:24:30 [notice] 1#1: signal 17 (SIGCHLD) received from 23
2021/12/11 09:24:30 [notice] 1#1: worker process 23 exited with code 0
2021/12/11 09:24:30 [notice] 1#1: worker process 26 exited with code 0
2021/12/11 09:24:30 [notice] 1#1: signal 29 (SIGIO) received
2021/12/11 09:24:30 [notice] 1#1: signal 17 (SIGCHLD) received from 26
2021/12/11 09:24:30 [notice] 1#1: signal 17 (SIGCHLD) received from 25
2021/12/11 09:24:30 [notice] 1#1: worker process 25 exited with code 0
2021/12/11 09:24:30 [notice] 1#1: exit
2021/12/11 09:25:12 [notice] 1#1: using the "epoll" event method
2021/12/11 09:25:12 [notice] 1#1: nginx/1.21.4
2021/12/11 09:25:12 [notice] 1#1: built by gcc 10.2.1 20210110 (Debian 10.2.1-6) 
2021/12/11 09:25:12 [notice] 1#1: OS: Linux 5.10.16.3-microsoft-standard-WSL2
2021/12/11 09:25:12 [notice] 1#1: getrlimit(RLIMIT_NOFILE): 1048576:1048576
2021/12/11 09:25:12 [notice] 1#1: start worker processes
2021/12/11 09:25:12 [notice] 1#1: start worker process 22
2021/12/11 09:25:12 [notice] 1#1: start worker process 23
2021/12/11 09:25:12 [notice] 1#1: start worker process 24
2021/12/11 09:25:12 [notice] 1#1: start worker process 25
2021/12/11 09:28:06 [notice] 1#1: signal 3 (SIGQUIT) received, shutting down
2021/12/11 09:28:06 [notice] 22#22: gracefully shutting down
2021/12/11 09:28:06 [notice] 23#23: gracefully shutting down
2021/12/11 09:28:06 [notice] 25#25: gracefully shutting down
2021/12/11 09:28:06 [notice] 24#24: gracefully shutting down
2021/12/11 09:28:06 [notice] 22#22: exiting
2021/12/11 09:28:06 [notice] 23#23: exiting
2021/12/11 09:28:06 [notice] 25#25: exiting
2021/12/11 09:28:06 [notice] 25#25: exit
2021/12/11 09:28:06 [notice] 24#24: exiting
2021/12/11 09:28:06 [notice] 22#22: exit
2021/12/11 09:28:06 [notice] 23#23: exit
2021/12/11 09:28:06 [notice] 24#24: exit
2021/12/11 09:28:06 [notice] 1#1: signal 17 (SIGCHLD) received from 24
2021/12/11 09:28:06 [notice] 1#1: worker process 22 exited with code 0
2021/12/11 09:28:06 [notice] 1#1: worker process 24 exited with code 0
2021/12/11 09:28:06 [notice] 1#1: signal 29 (SIGIO) received
2021/12/11 09:28:06 [notice] 1#1: signal 17 (SIGCHLD) received from 22
2021/12/11 09:28:06 [notice] 1#1: signal 17 (SIGCHLD) received from 23
2021/12/11 09:28:06 [notice] 1#1: worker process 23 exited with code 0
2021/12/11 09:28:06 [notice] 1#1: worker process 25 exited with code 0
2021/12/11 09:28:06 [notice] 1#1: exit
2021/12/11 09:29:39 [notice] 1#1: using the "epoll" event method
2021/12/11 09:29:39 [notice] 1#1: nginx/1.21.4
2021/12/11 09:29:39 [notice] 1#1: built by gcc 10.2.1 20210110 (Debian 10.2.1-6) 
2021/12/11 09:29:39 [notice] 1#1: OS: Linux 5.10.16.3-microsoft-standard-WSL2
2021/12/11 09:29:39 [notice] 1#1: getrlimit(RLIMIT_NOFILE): 1048576:1048576
2021/12/11 09:29:39 [notice] 1#1: start worker processes
2021/12/11 09:29:39 [notice] 1#1: start worker process 23
2021/12/11 09:29:39 [notice] 1#1: start worker process 24
2021/12/11 09:29:39 [notice] 1#1: start worker process 25
2021/12/11 09:29:39 [notice] 1#1: start worker process 26
2021/12/11 09:41:23 [notice] 1#1: signal 3 (SIGQUIT) received, shutting down
2021/12/11 09:41:23 [notice] 23#23: gracefully shutting down
2021/12/11 09:41:23 [notice] 24#24: gracefully shutting down
2021/12/11 09:41:23 [notice] 24#24: exiting
2021/12/11 09:41:23 [notice] 25#25: gracefully shutting down
2021/12/11 09:41:23 [notice] 26#26: gracefully shutting down
2021/12/11 09:41:23 [notice] 23#23: exiting
2021/12/11 09:41:23 [notice] 24#24: exit
2021/12/11 09:41:23 [notice] 25#25: exiting
2021/12/11 09:41:23 [notice] 26#26: exiting
2021/12/11 09:41:23 [notice] 26#26: exit
2021/12/11 09:41:23 [notice] 23#23: exit
2021/12/11 09:41:23 [notice] 25#25: exit
2021/12/11 09:41:23 [notice] 1#1: signal 17 (SIGCHLD) received from 26
2021/12/11 09:41:23 [notice] 1#1: worker process 23 exited with code 0
2021/12/11 09:41:23 [notice] 1#1: worker process 26 exited with code 0
2021/12/11 09:41:24 [notice] 1#1: signal 29 (SIGIO) received
2021/12/11 09:41:24 [notice] 1#1: signal 17 (SIGCHLD) received from 25
2021/12/11 09:41:24 [notice] 1#1: worker process 25 exited with code 0
2021/12/11 09:41:24 [notice] 1#1: signal 29 (SIGIO) received
2021/12/11 09:41:24 [notice] 1#1: signal 17 (SIGCHLD) received from 24
2021/12/11 09:41:24 [notice] 1#1: worker process 24 exited with code 0
2021/12/11 09:41:24 [notice] 1#1: exit
